0 info it worked if it ends with ok
1 verbose cli [ '/home/silbermm/.nvm/versions/node/v6.9.2/bin/node',
1 verbose cli   '/home/silbermm/.nvm/versions/node/v6.9.2/bin/npm',
1 verbose cli   'search' ]
2 info using npm@3.10.9
3 info using node@v6.9.2
4 verbose stack Error: search must be called with arguments
4 verbose stack     at EventEmitter.search (/home/silbermm/.nvm/versions/node/v6.9.2/lib/node_modules/npm/lib/search.js:57:15)
4 verbose stack     at Object.commandCache.(anonymous function) (/home/silbermm/.nvm/versions/node/v6.9.2/lib/node_modules/npm/lib/npm.js:124:13)
4 verbose stack     at EventEmitter.<anonymous> (/home/silbermm/.nvm/versions/node/v6.9.2/lib/node_modules/npm/bin/npm-cli.js:73:30)
4 verbose stack     at _combinedTickCallback (internal/process/next_tick.js:67:7)
4 verbose stack     at process._tickCallback (internal/process/next_tick.js:98:9)
5 verbose cwd /home/silbermm/Projects/crossroads-phoenix/apps/crossroads_interface
6 error Linux 4.8.13-1-ARCH
7 error argv "/home/silbermm/.nvm/versions/node/v6.9.2/bin/node" "/home/silbermm/.nvm/versions/node/v6.9.2/bin/npm" "search"
8 error node v6.9.2
9 error npm  v3.10.9
10 error search must be called with arguments
11 error If you need help, you may report this error at:
11 error     <https://github.com/npm/npm/issues>
12 verbose exit [ 1, true ]
